2025-03-06 09:30:47.960 INFO  org.hibernate.validator.internal.util.Version     :21   [32m                  [0;39m HV000001: Hibernate Validator 8.0.2.Final
2025-03-06 09:30:48.044 INFO  c.edu.szu.nls.business.config.BusinessApplication :53   [32m                  [0;39m Starting BusinessApplication using Java 17.0.12 with PID 14296 (E:\Projects\nls\business\target\classes started by hojiahao in E:\Projects\nls)
2025-03-06 09:30:48.046 INFO  c.edu.szu.nls.business.config.BusinessApplication :652  [32m                  [0;39m No active profile set, falling back to 1 default profile: "default"
2025-03-06 09:30:48.128 INFO  o.s.b.d.env.DevToolsPropertyDefaultsPostProcessor :252  [32m                  [0;39m Devtools property defaults active! Set 'spring.devtools.add-properties' to 'false' to disable
2025-03-06 09:30:48.130 INFO  o.s.b.d.env.DevToolsPropertyDefaultsPostProcessor :252  [32m                  [0;39m For additional web related logging consider setting the 'logging.level.web' property to 'DEBUG'
2025-03-06 09:30:50.636 INFO  o.s.boot.web.embedded.tomcat.TomcatWebServer      :111  [32m                  [0;39m Tomcat initialized with port 8080 (http)
2025-03-06 09:30:50.666 INFO  org.apache.coyote.http11.Http11NioProtocol        :173  [32m                  [0;39m Initializing ProtocolHandler ["http-nio-8080"]
2025-03-06 09:30:50.669 INFO  org.apache.catalina.core.StandardService          :173  [32m                  [0;39m Starting service [Tomcat]
2025-03-06 09:30:50.671 INFO  org.apache.catalina.core.StandardEngine           :173  [32m                  [0;39m Starting Servlet engine: [Apache Tomcat/10.1.36]
2025-03-06 09:30:50.755 INFO  o.a.c.c.ContainerBase.[Tomcat].[localhost].[/nls] :173  [32m                  [0;39m Initializing Spring embedded WebApplicationContext
2025-03-06 09:30:50.757 INFO  o.s.b.w.s.c.ServletWebServerApplicationContext    :301  [32m                  [0;39m Root WebApplicationContext: initialization completed in 2625 ms
2025-03-06 09:30:52.410 INFO  o.s.b.d.autoconfigure.OptionalLiveReloadServer    :59   [32m                  [0;39m LiveReload server is running on port 35729
2025-03-06 09:30:52.436 INFO  org.apache.coyote.http11.Http11NioProtocol        :173  [32m                  [0;39m Starting ProtocolHandler ["http-nio-8080"]
2025-03-06 09:30:52.493 INFO  o.s.boot.web.embedded.tomcat.TomcatWebServer      :243  [32m                  [0;39m Tomcat started on port 8080 (http) with context path '/nls'
2025-03-06 09:30:52.505 INFO  c.edu.szu.nls.business.config.BusinessApplication :59   [32m                  [0;39m Started BusinessApplication in 5.44 seconds (process running for 6.619)
2025-03-06 09:30:52.511 INFO  c.edu.szu.nls.business.config.BusinessApplication :18   [32m                  [0;39m 启动成功！
2025-03-06 09:30:52.511 INFO  c.edu.szu.nls.business.config.BusinessApplication :19   [32m                  [0;39m 测试地址：http://localhost:8080/nls/hello
2025-03-06 10:58:05.723 INFO  o.s.b.d.a.LocalDevToolsAutoConfiguration$RestartingClassPathChangeChangedEventListener:211  [32m                  [0;39m Restarting due to 1 class path change (1 addition, 0 deletions, 0 modifications)
2025-03-06 10:58:05.773 INFO  o.s.boot.web.embedded.tomcat.GracefulShutdown     :54   [32m                  [0;39m Commencing graceful shutdown. Waiting for active requests to complete
2025-03-06 10:58:05.781 INFO  org.apache.coyote.http11.Http11NioProtocol        :173  [32m                  [0;39m Pausing ProtocolHandler ["http-nio-8080"]
2025-03-06 10:58:06.403 INFO  o.s.boot.web.embedded.tomcat.GracefulShutdown     :76   [32m                  [0;39m Graceful shutdown complete
2025-03-06 10:58:06.403 INFO  org.apache.coyote.http11.Http11NioProtocol        :173  [32m                  [0;39m Stopping ProtocolHandler ["http-nio-8080"]
2025-03-06 10:58:06.541 INFO  c.edu.szu.nls.business.config.BusinessApplication :53   [32m                  [0;39m Starting BusinessApplication using Java 17.0.12 with PID 14296 (E:\Projects\nls\business\target\classes started by hojiahao in E:\Projects\nls)
2025-03-06 10:58:06.541 INFO  c.edu.szu.nls.business.config.BusinessApplication :652  [32m                  [0;39m No active profile set, falling back to 1 default profile: "default"
2025-03-06 10:58:06.879 INFO  o.s.boot.web.embedded.tomcat.TomcatWebServer      :111  [32m                  [0;39m Tomcat initialized with port 8080 (http)
2025-03-06 10:58:06.880 INFO  org.apache.coyote.http11.Http11NioProtocol        :173  [32m                  [0;39m Initializing ProtocolHandler ["http-nio-8080"]
2025-03-06 10:58:06.880 INFO  org.apache.catalina.core.StandardService          :173  [32m                  [0;39m Starting service [Tomcat]
2025-03-06 10:58:06.880 INFO  org.apache.catalina.core.StandardEngine           :173  [32m                  [0;39m Starting Servlet engine: [Apache Tomcat/10.1.36]
2025-03-06 10:58:06.904 INFO  o.a.c.c.ContainerBase.[Tomcat].[localhost].[/nls] :173  [32m                  [0;39m Initializing Spring embedded WebApplicationContext
2025-03-06 10:58:06.904 INFO  o.s.b.w.s.c.ServletWebServerApplicationContext    :301  [32m                  [0;39m Root WebApplicationContext: initialization completed in 360 ms
2025-03-06 10:58:07.268 INFO  o.s.b.d.autoconfigure.OptionalLiveReloadServer    :59   [32m                  [0;39m LiveReload server is running on port 35729
2025-03-06 10:58:07.277 INFO  org.apache.coyote.http11.Http11NioProtocol        :173  [32m                  [0;39m Starting ProtocolHandler ["http-nio-8080"]
2025-03-06 10:58:07.281 INFO  o.s.boot.web.embedded.tomcat.TomcatWebServer      :243  [32m                  [0;39m Tomcat started on port 8080 (http) with context path '/nls'
2025-03-06 10:58:07.285 INFO  c.edu.szu.nls.business.config.BusinessApplication :59   [32m                  [0;39m Started BusinessApplication in 0.78 seconds (process running for 5241.399)
2025-03-06 10:58:07.286 INFO  o.s.b.d.a.ConditionEvaluationDeltaLoggingListener :63   [32m                  [0;39m Condition evaluation unchanged
2025-03-06 10:58:07.287 INFO  c.edu.szu.nls.business.config.BusinessApplication :18   [32m                  [0;39m 启动成功！
2025-03-06 10:58:07.287 INFO  c.edu.szu.nls.business.config.BusinessApplication :19   [32m                  [0;39m 测试地址：http://localhost:8080/nls/hello
2025-03-06 11:00:00.854 INFO  o.s.b.d.a.LocalDevToolsAutoConfiguration$RestartingClassPathChangeChangedEventListener:211  [32m                  [0;39m Restarting due to 1 class path change (0 additions, 1 deletion, 0 modifications)
2025-03-06 11:00:00.856 INFO  o.s.boot.web.embedded.tomcat.GracefulShutdown     :54   [32m                  [0;39m Commencing graceful shutdown. Waiting for active requests to complete
2025-03-06 11:00:00.857 INFO  org.apache.coyote.http11.Http11NioProtocol        :173  [32m                  [0;39m Pausing ProtocolHandler ["http-nio-8080"]
2025-03-06 11:00:01.494 INFO  o.s.boot.web.embedded.tomcat.GracefulShutdown     :76   [32m                  [0;39m Graceful shutdown complete
2025-03-06 11:00:01.495 INFO  org.apache.coyote.http11.Http11NioProtocol        :173  [32m                  [0;39m Stopping ProtocolHandler ["http-nio-8080"]
2025-03-06 11:00:01.590 INFO  c.edu.szu.nls.business.config.BusinessApplication :53   [32m                  [0;39m Starting BusinessApplication using Java 17.0.12 with PID 14296 (E:\Projects\nls\business\target\classes started by hojiahao in E:\Projects\nls)
2025-03-06 11:00:01.590 INFO  c.edu.szu.nls.business.config.BusinessApplication :652  [32m                  [0;39m No active profile set, falling back to 1 default profile: "default"
2025-03-06 11:00:01.853 INFO  o.s.boot.web.embedded.tomcat.TomcatWebServer      :111  [32m                  [0;39m Tomcat initialized with port 8080 (http)
2025-03-06 11:00:01.854 INFO  org.apache.coyote.http11.Http11NioProtocol        :173  [32m                  [0;39m Initializing ProtocolHandler ["http-nio-8080"]
2025-03-06 11:00:01.854 INFO  org.apache.catalina.core.StandardService          :173  [32m                  [0;39m Starting service [Tomcat]
2025-03-06 11:00:01.854 INFO  org.apache.catalina.core.StandardEngine           :173  [32m                  [0;39m Starting Servlet engine: [Apache Tomcat/10.1.36]
2025-03-06 11:00:01.876 INFO  o.a.c.c.ContainerBase.[Tomcat].[localhost].[/nls] :173  [32m                  [0;39m Initializing Spring embedded WebApplicationContext
2025-03-06 11:00:01.876 INFO  o.s.b.w.s.c.ServletWebServerApplicationContext    :301  [32m                  [0;39m Root WebApplicationContext: initialization completed in 282 ms
2025-03-06 11:00:02.182 INFO  o.s.b.d.autoconfigure.OptionalLiveReloadServer    :59   [32m                  [0;39m LiveReload server is running on port 35729
2025-03-06 11:00:02.193 INFO  org.apache.coyote.http11.Http11NioProtocol        :173  [32m                  [0;39m Starting ProtocolHandler ["http-nio-8080"]
2025-03-06 11:00:02.197 INFO  o.s.boot.web.embedded.tomcat.TomcatWebServer      :243  [32m                  [0;39m Tomcat started on port 8080 (http) with context path '/nls'
2025-03-06 11:00:02.201 INFO  c.edu.szu.nls.business.config.BusinessApplication :59   [32m                  [0;39m Started BusinessApplication in 0.653 seconds (process running for 5356.314)
2025-03-06 11:00:02.202 INFO  o.s.b.d.a.ConditionEvaluationDeltaLoggingListener :63   [32m                  [0;39m Condition evaluation unchanged
2025-03-06 11:00:02.202 INFO  c.edu.szu.nls.business.config.BusinessApplication :18   [32m                  [0;39m 启动成功！
2025-03-06 11:00:02.202 INFO  c.edu.szu.nls.business.config.BusinessApplication :19   [32m                  [0;39m 测试地址：http://localhost:8080/nls/hello
2025-03-06 11:00:03.601 INFO  o.s.b.d.a.LocalDevToolsAutoConfiguration$RestartingClassPathChangeChangedEventListener:211  [32m                  [0;39m Restarting due to 1 class path change (1 addition, 0 deletions, 0 modifications)
2025-03-06 11:00:03.602 INFO  o.s.boot.web.embedded.tomcat.GracefulShutdown     :54   [32m                  [0;39m Commencing graceful shutdown. Waiting for active requests to complete
2025-03-06 11:00:03.603 INFO  org.apache.coyote.http11.Http11NioProtocol        :173  [32m                  [0;39m Pausing ProtocolHandler ["http-nio-8080"]
2025-03-06 11:00:04.187 INFO  o.s.boot.web.embedded.tomcat.GracefulShutdown     :76   [32m                  [0;39m Graceful shutdown complete
2025-03-06 11:00:04.189 INFO  org.apache.coyote.http11.Http11NioProtocol        :173  [32m                  [0;39m Stopping ProtocolHandler ["http-nio-8080"]
2025-03-06 11:00:04.250 INFO  c.edu.szu.nls.business.config.BusinessApplication :53   [32m                  [0;39m Starting BusinessApplication using Java 17.0.12 with PID 14296 (E:\Projects\nls\business\target\classes started by hojiahao in E:\Projects\nls)
2025-03-06 11:00:04.250 INFO  c.edu.szu.nls.business.config.BusinessApplication :652  [32m                  [0;39m No active profile set, falling back to 1 default profile: "default"
2025-03-06 11:00:04.451 INFO  o.s.boot.web.embedded.tomcat.TomcatWebServer      :111  [32m                  [0;39m Tomcat initialized with port 8080 (http)
2025-03-06 11:00:04.452 INFO  org.apache.coyote.http11.Http11NioProtocol        :173  [32m                  [0;39m Initializing ProtocolHandler ["http-nio-8080"]
2025-03-06 11:00:04.452 INFO  org.apache.catalina.core.StandardService          :173  [32m                  [0;39m Starting service [Tomcat]
2025-03-06 11:00:04.452 INFO  org.apache.catalina.core.StandardEngine           :173  [32m                  [0;39m Starting Servlet engine: [Apache Tomcat/10.1.36]
2025-03-06 11:00:04.475 INFO  o.a.c.c.ContainerBase.[Tomcat].[localhost].[/nls] :173  [32m                  [0;39m Initializing Spring embedded WebApplicationContext
2025-03-06 11:00:04.475 INFO  o.s.b.w.s.c.ServletWebServerApplicationContext    :301  [32m                  [0;39m Root WebApplicationContext: initialization completed in 223 ms
2025-03-06 11:00:04.749 INFO  o.s.b.d.autoconfigure.OptionalLiveReloadServer    :59   [32m                  [0;39m LiveReload server is running on port 35729
2025-03-06 11:00:04.755 INFO  org.apache.coyote.http11.Http11NioProtocol        :173  [32m                  [0;39m Starting ProtocolHandler ["http-nio-8080"]
2025-03-06 11:00:04.762 INFO  o.s.boot.web.embedded.tomcat.TomcatWebServer      :243  [32m                  [0;39m Tomcat started on port 8080 (http) with context path '/nls'
2025-03-06 11:00:04.766 INFO  c.edu.szu.nls.business.config.BusinessApplication :59   [32m                  [0;39m Started BusinessApplication in 0.54 seconds (process running for 5358.88)
2025-03-06 11:00:04.767 INFO  o.s.b.d.a.ConditionEvaluationDeltaLoggingListener :63   [32m                  [0;39m Condition evaluation unchanged
2025-03-06 11:00:04.767 INFO  c.edu.szu.nls.business.config.BusinessApplication :18   [32m                  [0;39m 启动成功！
2025-03-06 11:00:04.767 INFO  c.edu.szu.nls.business.config.BusinessApplication :19   [32m                  [0;39m 测试地址：http://localhost:8080/nls/hello
2025-03-06 11:01:49.265 INFO  o.s.b.d.a.LocalDevToolsAutoConfiguration$RestartingClassPathChangeChangedEventListener:211  [32m                  [0;39m Restarting due to 1 class path change (1 addition, 0 deletions, 0 modifications)
2025-03-06 11:01:49.266 INFO  o.s.boot.web.embedded.tomcat.GracefulShutdown     :54   [32m                  [0;39m Commencing graceful shutdown. Waiting for active requests to complete
2025-03-06 11:01:49.267 INFO  org.apache.coyote.http11.Http11NioProtocol        :173  [32m                  [0;39m Pausing ProtocolHandler ["http-nio-8080"]
2025-03-06 11:01:49.965 INFO  o.s.boot.web.embedded.tomcat.GracefulShutdown     :76   [32m                  [0;39m Graceful shutdown complete
2025-03-06 11:01:49.965 INFO  org.apache.coyote.http11.Http11NioProtocol        :173  [32m                  [0;39m Stopping ProtocolHandler ["http-nio-8080"]
2025-03-06 11:01:50.034 INFO  c.edu.szu.nls.business.config.BusinessApplication :53   [32m                  [0;39m Starting BusinessApplication using Java 17.0.12 with PID 14296 (E:\Projects\nls\business\target\classes started by hojiahao in E:\Projects\nls)
2025-03-06 11:01:50.034 INFO  c.edu.szu.nls.business.config.BusinessApplication :652  [32m                  [0;39m No active profile set, falling back to 1 default profile: "default"
2025-03-06 11:01:50.283 INFO  o.s.boot.web.embedded.tomcat.TomcatWebServer      :111  [32m                  [0;39m Tomcat initialized with port 8080 (http)
2025-03-06 11:01:50.283 INFO  org.apache.coyote.http11.Http11NioProtocol        :173  [32m                  [0;39m Initializing ProtocolHandler ["http-nio-8080"]
2025-03-06 11:01:50.284 INFO  org.apache.catalina.core.StandardService          :173  [32m                  [0;39m Starting service [Tomcat]
2025-03-06 11:01:50.284 INFO  org.apache.catalina.core.StandardEngine           :173  [32m                  [0;39m Starting Servlet engine: [Apache Tomcat/10.1.36]
2025-03-06 11:01:50.308 INFO  o.a.c.c.ContainerBase.[Tomcat].[localhost].[/nls] :173  [32m                  [0;39m Initializing Spring embedded WebApplicationContext
2025-03-06 11:01:50.308 INFO  o.s.b.w.s.c.ServletWebServerApplicationContext    :301  [32m                  [0;39m Root WebApplicationContext: initialization completed in 272 ms
2025-03-06 11:01:50.648 INFO  o.s.b.d.autoconfigure.OptionalLiveReloadServer    :59   [32m                  [0;39m LiveReload server is running on port 35729
2025-03-06 11:01:50.655 INFO  org.apache.coyote.http11.Http11NioProtocol        :173  [32m                  [0;39m Starting ProtocolHandler ["http-nio-8080"]
2025-03-06 11:01:50.661 INFO  o.s.boot.web.embedded.tomcat.TomcatWebServer      :243  [32m                  [0;39m Tomcat started on port 8080 (http) with context path '/nls'
2025-03-06 11:01:50.665 INFO  c.edu.szu.nls.business.config.BusinessApplication :59   [32m                  [0;39m Started BusinessApplication in 0.664 seconds (process running for 5464.779)
2025-03-06 11:01:50.666 INFO  o.s.b.d.a.ConditionEvaluationDeltaLoggingListener :63   [32m                  [0;39m Condition evaluation unchanged
2025-03-06 11:01:50.666 INFO  c.edu.szu.nls.business.config.BusinessApplication :18   [32m                  [0;39m 启动成功！
2025-03-06 11:01:50.667 INFO  c.edu.szu.nls.business.config.BusinessApplication :19   [32m                  [0;39m 测试地址：http://localhost:8080/nls/hello
2025-03-06 11:07:21.655 INFO  o.s.b.d.a.LocalDevToolsAutoConfiguration$RestartingClassPathChangeChangedEventListener:211  [32m                  [0;39m Restarting due to 1 class path change (1 addition, 0 deletions, 0 modifications)
2025-03-06 11:07:21.657 INFO  o.s.boot.web.embedded.tomcat.GracefulShutdown     :54   [32m                  [0;39m Commencing graceful shutdown. Waiting for active requests to complete
2025-03-06 11:07:21.657 INFO  org.apache.coyote.http11.Http11NioProtocol        :173  [32m                  [0;39m Pausing ProtocolHandler ["http-nio-8080"]
2025-03-06 11:07:22.363 INFO  o.s.boot.web.embedded.tomcat.GracefulShutdown     :76   [32m                  [0;39m Graceful shutdown complete
2025-03-06 11:07:22.364 INFO  org.apache.coyote.http11.Http11NioProtocol        :173  [32m                  [0;39m Stopping ProtocolHandler ["http-nio-8080"]
2025-03-06 11:07:22.533 INFO  c.edu.szu.nls.business.config.BusinessApplication :53   [32m                  [0;39m Starting BusinessApplication using Java 17.0.12 with PID 14296 (E:\Projects\nls\business\target\classes started by hojiahao in E:\Projects\nls)
2025-03-06 11:07:22.533 INFO  c.edu.szu.nls.business.config.BusinessApplication :652  [32m                  [0;39m No active profile set, falling back to 1 default profile: "default"
2025-03-06 11:07:22.934 INFO  o.s.boot.web.embedded.tomcat.TomcatWebServer      :111  [32m                  [0;39m Tomcat initialized with port 8080 (http)
2025-03-06 11:07:22.935 INFO  org.apache.coyote.http11.Http11NioProtocol        :173  [32m                  [0;39m Initializing ProtocolHandler ["http-nio-8080"]
2025-03-06 11:07:22.935 INFO  org.apache.catalina.core.StandardService          :173  [32m                  [0;39m Starting service [Tomcat]
2025-03-06 11:07:22.935 INFO  org.apache.catalina.core.StandardEngine           :173  [32m                  [0;39m Starting Servlet engine: [Apache Tomcat/10.1.36]
2025-03-06 11:07:22.958 INFO  o.a.c.c.ContainerBase.[Tomcat].[localhost].[/nls] :173  [32m                  [0;39m Initializing Spring embedded WebApplicationContext
2025-03-06 11:07:22.959 INFO  o.s.b.w.s.c.ServletWebServerApplicationContext    :301  [32m                  [0;39m Root WebApplicationContext: initialization completed in 421 ms
2025-03-06 11:07:23.317 INFO  o.s.b.d.autoconfigure.OptionalLiveReloadServer    :59   [32m                  [0;39m LiveReload server is running on port 35729
2025-03-06 11:07:23.325 INFO  org.apache.coyote.http11.Http11NioProtocol        :173  [32m                  [0;39m Starting ProtocolHandler ["http-nio-8080"]
2025-03-06 11:07:23.329 INFO  o.s.boot.web.embedded.tomcat.TomcatWebServer      :243  [32m                  [0;39m Tomcat started on port 8080 (http) with context path '/nls'
2025-03-06 11:07:23.332 INFO  c.edu.szu.nls.business.config.BusinessApplication :59   [32m                  [0;39m Started BusinessApplication in 0.86 seconds (process running for 5797.446)
2025-03-06 11:07:23.334 INFO  o.s.b.d.a.ConditionEvaluationDeltaLoggingListener :63   [32m                  [0;39m Condition evaluation unchanged
2025-03-06 11:07:23.334 INFO  c.edu.szu.nls.business.config.BusinessApplication :18   [32m                  [0;39m 启动成功！
2025-03-06 11:07:23.334 INFO  c.edu.szu.nls.business.config.BusinessApplication :19   [32m                  [0;39m 测试地址：http://localhost:8080/nls/hello
2025-03-06 11:07:24.736 INFO  o.s.b.d.a.LocalDevToolsAutoConfiguration$RestartingClassPathChangeChangedEventListener:211  [32m                  [0;39m Restarting due to 6 class path changes (6 additions, 0 deletions, 0 modifications)
2025-03-06 11:07:24.737 INFO  o.s.boot.web.embedded.tomcat.GracefulShutdown     :54   [32m                  [0;39m Commencing graceful shutdown. Waiting for active requests to complete
2025-03-06 11:07:24.738 INFO  org.apache.coyote.http11.Http11NioProtocol        :173  [32m                  [0;39m Pausing ProtocolHandler ["http-nio-8080"]
2025-03-06 11:07:25.335 INFO  o.s.boot.web.embedded.tomcat.GracefulShutdown     :76   [32m                  [0;39m Graceful shutdown complete
2025-03-06 11:07:25.336 INFO  org.apache.coyote.http11.Http11NioProtocol        :173  [32m                  [0;39m Stopping ProtocolHandler ["http-nio-8080"]
2025-03-06 11:07:25.390 INFO  c.edu.szu.nls.business.config.BusinessApplication :53   [32m                  [0;39m Starting BusinessApplication using Java 17.0.12 with PID 14296 (E:\Projects\nls\business\target\classes started by hojiahao in E:\Projects\nls)
2025-03-06 11:07:25.392 INFO  c.edu.szu.nls.business.config.BusinessApplication :652  [32m                  [0;39m No active profile set, falling back to 1 default profile: "default"
2025-03-06 11:07:25.600 INFO  o.s.boot.web.embedded.tomcat.TomcatWebServer      :111  [32m                  [0;39m Tomcat initialized with port 8080 (http)
2025-03-06 11:07:25.601 INFO  org.apache.coyote.http11.Http11NioProtocol        :173  [32m                  [0;39m Initializing ProtocolHandler ["http-nio-8080"]
2025-03-06 11:07:25.601 INFO  org.apache.catalina.core.StandardService          :173  [32m                  [0;39m Starting service [Tomcat]
2025-03-06 11:07:25.601 INFO  org.apache.catalina.core.StandardEngine           :173  [32m                  [0;39m Starting Servlet engine: [Apache Tomcat/10.1.36]
2025-03-06 11:07:25.629 INFO  o.a.c.c.ContainerBase.[Tomcat].[localhost].[/nls] :173  [32m                  [0;39m Initializing Spring embedded WebApplicationContext
2025-03-06 11:07:25.630 INFO  o.s.b.w.s.c.ServletWebServerApplicationContext    :301  [32m                  [0;39m Root WebApplicationContext: initialization completed in 237 ms
2025-03-06 11:07:25.910 INFO  o.s.b.d.autoconfigure.OptionalLiveReloadServer    :59   [32m                  [0;39m LiveReload server is running on port 35729
2025-03-06 11:07:25.918 INFO  org.apache.coyote.http11.Http11NioProtocol        :173  [32m                  [0;39m Starting ProtocolHandler ["http-nio-8080"]
2025-03-06 11:07:25.922 INFO  o.s.boot.web.embedded.tomcat.TomcatWebServer      :243  [32m                  [0;39m Tomcat started on port 8080 (http) with context path '/nls'
2025-03-06 11:07:25.926 INFO  c.edu.szu.nls.business.config.BusinessApplication :59   [32m                  [0;39m Started BusinessApplication in 0.557 seconds (process running for 5800.04)
2025-03-06 11:07:25.927 INFO  o.s.b.d.a.ConditionEvaluationDeltaLoggingListener :63   [32m                  [0;39m Condition evaluation unchanged
2025-03-06 11:07:25.927 INFO  c.edu.szu.nls.business.config.BusinessApplication :18   [32m                  [0;39m 启动成功！
2025-03-06 11:07:25.928 INFO  c.edu.szu.nls.business.config.BusinessApplication :19   [32m                  [0;39m 测试地址：http://localhost:8080/nls/hello
